2025-03-26 19:17:55 - INFO - patching driver executable C:\Users\migue\appdata\roaming\undetected_chromedriver\undetected_chromedriver.exe
2025-03-26 19:21:27 - INFO - patching driver executable C:\Users\migue\appdata\roaming\undetected_chromedriver\undetected_chromedriver.exe
2025-03-26 19:32:20 - INFO - patching driver executable C:\Users\migue\appdata\roaming\undetected_chromedriver\undetected_chromedriver.exe
2025-03-26 19:32:50 - INFO - patching driver executable C:\Users\migue\appdata\roaming\undetected_chromedriver\undetected_chromedriver.exe
2025-03-26 19:35:14 - INFO - patching driver executable C:\Users\migue\appdata\roaming\undetected_chromedriver\undetected_chromedriver.exe
2025-03-26 20:35:46 - INFO - patching driver executable C:\Users\migue\appdata\roaming\undetected_chromedriver\undetected_chromedriver.exe
2025-03-26 20:35:58 - INFO - patching driver executable C:\Users\migue\appdata\roaming\undetected_chromedriver\undetected_chromedriver.exe
2025-03-26 20:36:33 - INFO - Días tachados inicialmente: ['March-26', 'March-27', 'March-28', 'March-29', 'March-30', 'March-31', 'April-1', 'April-2', 'April-3', 'April-4', 'April-5', 'April-6', 'April-7', 'April-8', 'April-9', 'April-10', 'April-11', 'April-12', 'April-13', 'April-14', 'April-15', 'April-16', 'April-17', 'April-18', 'April-19', 'April-20', 'April-21', 'April-22', 'April-23', 'April-24', 'April-25', 'April-26', 'April-27', 'April-28', 'April-29', 'April-30']
2025-03-26 20:36:33 - INFO - 
 Intento #1
2025-03-26 20:36:47 - INFO - Días tachados actuales: ['March-26', 'March-27', 'March-28', 'March-29', 'March-30', 'March-31', 'April-1', 'April-2', 'April-3', 'April-4', 'April-5', 'April-6', 'April-7', 'April-8', 'April-9', 'April-10', 'April-11', 'April-12', 'April-13', 'April-14', 'April-15', 'April-16', 'April-17', 'April-18', 'April-19', 'April-20', 'April-21', 'April-22', 'April-23', 'April-24', 'April-25', 'April-26', 'April-27', 'April-28', 'April-29', 'April-30']
2025-03-26 20:37:33 - INFO - 
 Intento #2
2025-03-26 20:37:47 - INFO - Días tachados actuales: ['March-26', 'March-27', 'March-28', 'March-31', 'April-1', 'April-2', 'April-3', 'April-4', 'April-5', 'April-6', 'April-7', 'April-8', 'April-9', 'April-10', 'April-11', 'April-12', 'April-13', 'April-14', 'April-15', 'April-16', 'April-17', 'April-18', 'April-19', 'April-20', 'April-21', 'April-22', 'April-23', 'April-24', 'April-25', 'April-26', 'April-27', 'April-28', 'April-29', 'April-30']
2025-03-26 20:37:47 - INFO -  ¡Días liberados: {'March-29', 'March-30'}!
2025-03-26 20:37:47 - INFO - Imported existing <module 'comtypes.gen' from 'C:\\Users\\migue\\AppData\\Local\\Temp\\_MEI243322\\comtypes\\gen\\__init__.pyc'>
2025-03-26 20:37:47 - INFO - Creating writeable comtypes cache directory: 'C:\Users\migue\AppData\Local\Temp\comtypes_cache\pyAlhambraNotifications-313'
2025-03-26 20:37:47 - INFO - Using writeable comtypes cache directory: 'C:\Users\migue\AppData\Local\Temp\comtypes_cache\pyAlhambraNotifications-313'
2025-03-26 20:38:41 - INFO - 
 Intento #3
2025-03-26 20:38:55 - INFO - Días tachados actuales: ['March-26', 'March-27', 'March-28', 'March-29', 'March-31', 'April-1', 'April-2', 'April-3', 'April-4', 'April-5', 'April-6', 'April-7', 'April-8', 'April-9', 'April-10', 'April-11', 'April-12', 'April-13', 'April-14', 'April-15', 'April-16', 'April-17', 'April-18', 'April-19', 'April-20', 'April-21', 'April-22', 'April-23', 'April-24', 'April-25', 'April-26', 'April-27', 'April-28', 'April-29', 'April-30']
2025-03-26 20:39:27 - INFO - 
 Intento #4
2025-03-26 20:39:41 - INFO - Días tachados actuales: ['March-26', 'March-27', 'March-28', 'March-29', 'March-31', 'April-1', 'April-2', 'April-3', 'April-4', 'April-5', 'April-6', 'April-7', 'April-8', 'April-9', 'April-10', 'April-11', 'April-12', 'April-13', 'April-14', 'April-15', 'April-16', 'April-17', 'April-18', 'April-19', 'April-20', 'April-21', 'April-22', 'April-23', 'April-24', 'April-25', 'April-26', 'April-27', 'April-28', 'April-29', 'April-30']
2025-03-26 20:40:37 - INFO - 
 Intento #5
2025-03-26 20:40:51 - INFO - Días tachados actuales: ['March-26', 'March-27', 'March-28', 'March-29', 'March-31', 'April-1', 'April-2', 'April-3', 'April-4', 'April-5', 'April-6', 'April-7', 'April-8', 'April-9', 'April-10', 'April-11', 'April-12', 'April-13', 'April-14', 'April-15', 'April-16', 'April-17', 'April-18', 'April-19', 'April-20', 'April-21', 'April-22', 'April-23', 'April-24', 'April-25', 'April-26', 'April-27', 'April-28', 'April-29', 'April-30']
2025-03-26 20:41:37 - INFO - 
 Intento #6
2025-03-26 20:41:51 - INFO - Días tachados actuales: ['March-26', 'March-27', 'March-28', 'March-29', 'March-31', 'April-1', 'April-2', 'April-3', 'April-4', 'April-5', 'April-6', 'April-7', 'April-8', 'April-9', 'April-10', 'April-11', 'April-12', 'April-13', 'April-14', 'April-15', 'April-16', 'April-17', 'April-18', 'April-19', 'April-20', 'April-21', 'April-22', 'April-23', 'April-24', 'April-25', 'April-26', 'April-27', 'April-28', 'April-29', 'April-30']
2025-03-26 20:42:25 - INFO - 
 Intento #7
2025-03-26 20:42:39 - INFO - Días tachados actuales: ['March-26', 'March-27', 'March-28', 'March-29', 'March-31', 'April-1', 'April-2', 'April-3', 'April-4', 'April-5', 'April-6', 'April-7', 'April-8', 'April-9', 'April-10', 'April-11', 'April-12', 'April-13', 'April-14', 'April-15', 'April-16', 'April-17', 'April-18', 'April-19', 'April-20', 'April-21', 'April-22', 'April-23', 'April-24', 'April-25', 'April-26', 'April-27', 'April-28', 'April-29', 'April-30']
2025-03-26 20:43:33 - INFO - 
 Intento #8
2025-03-26 20:43:47 - INFO - Días tachados actuales: ['March-26', 'March-27', 'March-28', 'March-29', 'March-31', 'April-1', 'April-2', 'April-3', 'April-4', 'April-5', 'April-6', 'April-7', 'April-8', 'April-9', 'April-10', 'April-11', 'April-12', 'April-13', 'April-14', 'April-15', 'April-16', 'April-17', 'April-18', 'April-19', 'April-20', 'April-21', 'April-22', 'April-23', 'April-24', 'April-25', 'April-26', 'April-27', 'April-28', 'April-29', 'April-30']
2025-03-26 20:44:22 - INFO - 
 Intento #9
2025-03-26 20:44:43 - INFO -  Fallo al ir a Paso 1: Message: 
Stacktrace:
	GetHandleVerifier [0x010EC7F3+24435]
	(No symbol) [0x01072074]
	(No symbol) [0x00F406E3]
	(No symbol) [0x00F88B39]
	(No symbol) [0x00F88E8B]
	(No symbol) [0x00FD1AC2]
	(No symbol) [0x00FAD804]
	(No symbol) [0x00FCF20A]
	(No symbol) [0x00FAD5B6]
	(No symbol) [0x00F7C54F]
	(No symbol) [0x00F7D894]
	GetHandleVerifier [0x013F70A3+3213347]
	GetHandleVerifier [0x0140B0C9+3295305]
	GetHandleVerifier [0x0140558C+3271948]
	GetHandleVerifier [0x01187360+658144]
	(No symbol) [0x0107B27D]
	(No symbol) [0x01078208]
	(No symbol) [0x010783A9]
	(No symbol) [0x0106AAC0]
	BaseThreadInitThunk [0x76335D49+25]
	RtlInitializeExceptionChain [0x7797CE3B+107]
	RtlGetAppContainerNamedObjectPath [0x7797CDC1+561]

2025-03-26 20:44:43 - INFO - 
 Intento #10
2025-03-26 20:44:57 - INFO - Días tachados actuales: ['March-26', 'March-27', 'March-28', 'March-29', 'March-31', 'April-1', 'April-2', 'April-3', 'April-4', 'April-5', 'April-6', 'April-7', 'April-8', 'April-9', 'April-10', 'April-11', 'April-12', 'April-13', 'April-14', 'April-15', 'April-16', 'April-17', 'April-18', 'April-19', 'April-20', 'April-21', 'April-22', 'April-23', 'April-24', 'April-25', 'April-26', 'April-27', 'April-28', 'April-29', 'April-30']
2025-03-26 20:45:49 - INFO - 
 Intento #11
2025-03-26 20:46:11 - INFO -  Fallo al ir a Paso 1: Message: 
Stacktrace:
	GetHandleVerifier [0x010EC7F3+24435]
	(No symbol) [0x01072074]
	(No symbol) [0x00F406E3]
	(No symbol) [0x00F88B39]
	(No symbol) [0x00F88E8B]
	(No symbol) [0x00FD1AC2]
	(No symbol) [0x00FAD804]
	(No symbol) [0x00FCF20A]
	(No symbol) [0x00FAD5B6]
	(No symbol) [0x00F7C54F]
	(No symbol) [0x00F7D894]
	GetHandleVerifier [0x013F70A3+3213347]
	GetHandleVerifier [0x0140B0C9+3295305]
	GetHandleVerifier [0x0140558C+3271948]
	GetHandleVerifier [0x01187360+658144]
	(No symbol) [0x0107B27D]
	(No symbol) [0x01078208]
	(No symbol) [0x010783A9]
	(No symbol) [0x0106AAC0]
	BaseThreadInitThunk [0x76335D49+25]
	RtlInitializeExceptionChain [0x7797CE3B+107]
	RtlGetAppContainerNamedObjectPath [0x7797CDC1+561]

2025-03-26 20:46:11 - INFO - 
 Intento #12
2025-03-26 20:46:25 - INFO - Días tachados actuales: ['March-26', 'March-28', 'March-29', 'March-31', 'April-1', 'April-2', 'April-3', 'April-4', 'April-5', 'April-6', 'April-7', 'April-8', 'April-9', 'April-10', 'April-11', 'April-12', 'April-13', 'April-14', 'April-15', 'April-16', 'April-17', 'April-18', 'April-19', 'April-20', 'April-21', 'April-22', 'April-23', 'April-24', 'April-25', 'April-26', 'April-27', 'April-28', 'April-29', 'April-30']
2025-03-26 20:46:25 - INFO -  ¡Días liberados: {'March-27'}!
2025-03-26 20:47:18 - INFO - 
 Intento #13
2025-03-26 20:47:33 - INFO - Días tachados actuales: ['March-26', 'March-27', 'March-28', 'March-29', 'March-31', 'April-1', 'April-2', 'April-3', 'April-4', 'April-5', 'April-6', 'April-7', 'April-8', 'April-9', 'April-10', 'April-11', 'April-12', 'April-13', 'April-14', 'April-15', 'April-16', 'April-17', 'April-18', 'April-19', 'April-20', 'April-21', 'April-22', 'April-23', 'April-24', 'April-25', 'April-26', 'April-27', 'April-28', 'April-29', 'April-30']
2025-03-26 20:48:27 - INFO - 
 Intento #14
2025-03-26 20:48:49 - INFO -  Fallo al ir a Paso 1: Message: 
Stacktrace:
	GetHandleVerifier [0x010EC7F3+24435]
	(No symbol) [0x01072074]
	(No symbol) [0x00F406E3]
	(No symbol) [0x00F88B39]
	(No symbol) [0x00F88E8B]
	(No symbol) [0x00FD1AC2]
	(No symbol) [0x00FAD804]
	(No symbol) [0x00FCF20A]
	(No symbol) [0x00FAD5B6]
	(No symbol) [0x00F7C54F]
	(No symbol) [0x00F7D894]
	GetHandleVerifier [0x013F70A3+3213347]
	GetHandleVerifier [0x0140B0C9+3295305]
	GetHandleVerifier [0x0140558C+3271948]
	GetHandleVerifier [0x01187360+658144]
	(No symbol) [0x0107B27D]
	(No symbol) [0x01078208]
	(No symbol) [0x010783A9]
	(No symbol) [0x0106AAC0]
	BaseThreadInitThunk [0x76335D49+25]
	RtlInitializeExceptionChain [0x7797CE3B+107]
	RtlGetAppContainerNamedObjectPath [0x7797CDC1+561]

2025-03-26 20:48:49 - INFO - 
 Intento #15
2025-03-26 20:49:10 - INFO -  Fallo al ir a Paso 1: Message: 
Stacktrace:
	GetHandleVerifier [0x010EC7F3+24435]
	(No symbol) [0x01072074]
	(No symbol) [0x00F406E3]
	(No symbol) [0x00F88B39]
	(No symbol) [0x00F88E8B]
	(No symbol) [0x00FD1AC2]
	(No symbol) [0x00FAD804]
	(No symbol) [0x00FCF20A]
	(No symbol) [0x00FAD5B6]
	(No symbol) [0x00F7C54F]
	(No symbol) [0x00F7D894]
	GetHandleVerifier [0x013F70A3+3213347]
	GetHandleVerifier [0x0140B0C9+3295305]
	GetHandleVerifier [0x0140558C+3271948]
	GetHandleVerifier [0x01187360+658144]
	(No symbol) [0x0107B27D]
	(No symbol) [0x01078208]
	(No symbol) [0x010783A9]
	(No symbol) [0x0106AAC0]
	BaseThreadInitThunk [0x76335D49+25]
	RtlInitializeExceptionChain [0x7797CE3B+107]
	RtlGetAppContainerNamedObjectPath [0x7797CDC1+561]

2025-03-26 20:49:10 - INFO -  Reiniciando navegador por múltiples fallos...
2025-03-26 20:49:36 - INFO - 
 Intento #16
2025-03-26 20:49:52 - INFO - Días tachados actuales: ['March-26', 'March-27', 'March-28', 'March-29', 'March-31', 'April-1', 'April-2', 'April-3', 'April-4', 'April-5', 'April-6', 'April-7', 'April-8', 'April-9', 'April-10', 'April-11', 'April-12', 'April-13', 'April-14', 'April-15', 'April-16', 'April-17', 'April-18', 'April-19', 'April-20', 'April-21', 'April-22', 'April-23', 'April-24', 'April-25', 'April-26', 'April-27', 'April-28', 'April-29', 'April-30']
2025-03-26 20:50:32 - INFO - 
 Intento #17
2025-03-26 20:50:48 - INFO - Días tachados actuales: ['March-26', 'March-27', 'March-28', 'March-29', 'March-31', 'April-1', 'April-2', 'April-3', 'April-4', 'April-5', 'April-6', 'April-7', 'April-8', 'April-9', 'April-10', 'April-11', 'April-12', 'April-13', 'April-14', 'April-15', 'April-16', 'April-17', 'April-18', 'April-19', 'April-20', 'April-21', 'April-22', 'April-23', 'April-24', 'April-25', 'April-26', 'April-27', 'April-28', 'April-29', 'April-30']
2025-03-26 20:51:33 - INFO - 
 Intento #18
2025-03-26 20:51:48 - INFO - Días tachados actuales: ['March-26', 'March-27', 'March-28', 'March-29', 'March-31', 'April-1', 'April-2', 'April-3', 'April-4', 'April-5', 'April-6', 'April-7', 'April-8', 'April-9', 'April-10', 'April-11', 'April-12', 'April-13', 'April-14', 'April-15', 'April-16', 'April-17', 'April-18', 'April-19', 'April-20', 'April-21', 'April-22', 'April-23', 'April-24', 'April-25', 'April-26', 'April-27', 'April-28', 'April-29', 'April-30']
2025-03-26 20:52:37 - INFO - 
 Intento #19
2025-03-26 20:52:53 - INFO - Días tachados actuales: ['March-26', 'March-27', 'March-28', 'March-29', 'March-30', 'March-31', 'April-1', 'April-2', 'April-3', 'April-4', 'April-5', 'April-6', 'April-7', 'April-8', 'April-9', 'April-10', 'April-11', 'April-12', 'April-13', 'April-14', 'April-15', 'April-16', 'April-17', 'April-18', 'April-19', 'April-20', 'April-21', 'April-22', 'April-23', 'April-24', 'April-25', 'April-26', 'April-27', 'April-28', 'April-29', 'April-30']
2025-03-26 20:53:47 - INFO - 
 Intento #20
2025-03-26 20:54:03 - INFO - Días tachados actuales: ['March-26', 'March-27', 'March-28', 'March-29', 'March-30', 'March-31', 'April-1', 'April-2', 'April-3', 'April-4', 'April-5', 'April-6', 'April-7', 'April-8', 'April-9', 'April-10', 'April-11', 'April-12', 'April-13', 'April-14', 'April-15', 'April-16', 'April-17', 'April-18', 'April-19', 'April-20', 'April-21', 'April-22', 'April-23', 'April-24', 'April-25', 'April-26', 'April-27', 'April-28', 'April-29', 'April-30']
2025-03-26 20:54:34 - INFO - 
 Intento #21
2025-03-26 20:54:50 - INFO - Días tachados actuales: ['March-26', 'March-27', 'March-28', 'March-29', 'March-31', 'April-1', 'April-2', 'April-3', 'April-4', 'April-5', 'April-6', 'April-7', 'April-8', 'April-9', 'April-10', 'April-11', 'April-12', 'April-13', 'April-14', 'April-15', 'April-16', 'April-17', 'April-18', 'April-19', 'April-20', 'April-21', 'April-22', 'April-23', 'April-24', 'April-25', 'April-26', 'April-27', 'April-28', 'April-29', 'April-30']
2025-03-26 20:55:27 - INFO - 
 Intento #22
2025-03-26 20:55:43 - INFO - Días tachados actuales: ['March-26', 'March-27', 'March-29', 'March-30', 'March-31', 'April-1', 'April-2', 'April-3', 'April-4', 'April-5', 'April-6', 'April-7', 'April-8', 'April-9', 'April-10', 'April-11', 'April-12', 'April-13', 'April-14', 'April-15', 'April-16', 'April-17', 'April-18', 'April-19', 'April-20', 'April-21', 'April-22', 'April-23', 'April-24', 'April-25', 'April-26', 'April-27', 'April-28', 'April-29', 'April-30']
2025-03-26 20:55:43 - INFO -  ¡Días liberados: {'March-28'}!
2025-03-26 20:56:36 - INFO - 
 Intento #23
2025-03-26 20:56:52 - INFO - Días tachados actuales: ['March-26', 'March-27', 'March-28', 'March-29', 'March-31', 'April-1', 'April-2', 'April-3', 'April-4', 'April-5', 'April-6', 'April-7', 'April-8', 'April-9', 'April-10', 'April-11', 'April-12', 'April-13', 'April-14', 'April-15', 'April-16', 'April-17', 'April-18', 'April-19', 'April-20', 'April-21', 'April-22', 'April-23', 'April-24', 'April-25', 'April-26', 'April-27', 'April-28', 'April-29', 'April-30']
2025-03-26 20:56:52 - INFO -  ¡Días liberados: {'March-30'}!
2025-03-26 20:57:42 - INFO - 
 Intento #24
2025-03-26 20:58:00 - INFO - Días tachados actuales: ['March-26', 'March-27', 'March-28', 'March-29', 'March-30', 'March-31', 'April-1', 'April-2', 'April-3', 'April-4', 'April-5', 'April-6', 'April-7', 'April-8', 'April-9', 'April-10', 'April-11', 'April-12', 'April-13', 'April-14', 'April-15', 'April-16', 'April-17', 'April-18', 'April-19', 'April-20', 'April-21', 'April-22', 'April-23', 'April-24', 'April-25', 'April-26', 'April-27', 'April-28', 'April-29', 'April-30']
2025-03-26 20:58:44 - INFO - 
 Intento #25
2025-03-26 20:58:59 - INFO - Días tachados actuales: ['March-26', 'March-27', 'March-28', 'March-29', 'March-30', 'March-31', 'April-1', 'April-2', 'April-3', 'April-4', 'April-5', 'April-6', 'April-7', 'April-8', 'April-9', 'April-10', 'April-11', 'April-12', 'April-13', 'April-14', 'April-15', 'April-16', 'April-17', 'April-18', 'April-19', 'April-20', 'April-21', 'April-22', 'April-23', 'April-24', 'April-25', 'April-26', 'April-27', 'April-28', 'April-29', 'April-30']
2025-03-26 20:59:49 - INFO - 
 Intento #26
2025-03-26 21:00:10 - INFO -  Fallo al ir a Paso 1: Message: 
Stacktrace:
	GetHandleVerifier [0x010EC7F3+24435]
	(No symbol) [0x01072074]
	(No symbol) [0x00F406E3]
	(No symbol) [0x00F88B39]
	(No symbol) [0x00F88E8B]
	(No symbol) [0x00FD1AC2]
	(No symbol) [0x00FAD804]
	(No symbol) [0x00FCF20A]
	(No symbol) [0x00FAD5B6]
	(No symbol) [0x00F7C54F]
	(No symbol) [0x00F7D894]
	GetHandleVerifier [0x013F70A3+3213347]
	GetHandleVerifier [0x0140B0C9+3295305]
	GetHandleVerifier [0x0140558C+3271948]
	GetHandleVerifier [0x01187360+658144]
	(No symbol) [0x0107B27D]
	(No symbol) [0x01078208]
	(No symbol) [0x010783A9]
	(No symbol) [0x0106AAC0]
	BaseThreadInitThunk [0x76335D49+25]
	RtlInitializeExceptionChain [0x7797CE3B+107]
	RtlGetAppContainerNamedObjectPath [0x7797CDC1+561]

2025-03-26 21:00:10 - INFO - 
 Intento #27
2025-03-26 21:00:25 - INFO - Días tachados actuales: ['March-26', 'March-27', 'March-28', 'March-29', 'March-30', 'March-31', 'April-1', 'April-2', 'April-3', 'April-4', 'April-5', 'April-6', 'April-7', 'April-8', 'April-9', 'April-10', 'April-11', 'April-12', 'April-13', 'April-14', 'April-15', 'April-16', 'April-17', 'April-18', 'April-19', 'April-20', 'April-21', 'April-22', 'April-23', 'April-24', 'April-25', 'April-26', 'April-27', 'April-28', 'April-29', 'April-30']
2025-03-26 21:01:14 - INFO - 
 Intento #28
2025-03-26 21:01:36 - INFO -  Fallo al ir a Paso 1: Message: 
Stacktrace:
	GetHandleVerifier [0x010EC7F3+24435]
	(No symbol) [0x01072074]
	(No symbol) [0x00F406E3]
	(No symbol) [0x00F88B39]
	(No symbol) [0x00F88E8B]
	(No symbol) [0x00FD1AC2]
	(No symbol) [0x00FAD804]
	(No symbol) [0x00FCF20A]
	(No symbol) [0x00FAD5B6]
	(No symbol) [0x00F7C54F]
	(No symbol) [0x00F7D894]
	GetHandleVerifier [0x013F70A3+3213347]
	GetHandleVerifier [0x0140B0C9+3295305]
	GetHandleVerifier [0x0140558C+3271948]
	GetHandleVerifier [0x01187360+658144]
	(No symbol) [0x0107B27D]
	(No symbol) [0x01078208]
	(No symbol) [0x010783A9]
	(No symbol) [0x0106AAC0]
	BaseThreadInitThunk [0x76335D49+25]
	RtlInitializeExceptionChain [0x7797CE3B+107]
	RtlGetAppContainerNamedObjectPath [0x7797CDC1+561]

2025-03-26 21:01:36 - INFO - 
 Intento #29
2025-03-26 21:01:50 - INFO - Días tachados actuales: ['March-26', 'March-27', 'March-28', 'March-29', 'March-31', 'April-1', 'April-2', 'April-3', 'April-4', 'April-5', 'April-6', 'April-7', 'April-8', 'April-9', 'April-10', 'April-11', 'April-12', 'April-13', 'April-14', 'April-15', 'April-16', 'April-17', 'April-18', 'April-19', 'April-20', 'April-21', 'April-22', 'April-23', 'April-24', 'April-25', 'April-26', 'April-27', 'April-28', 'April-29', 'April-30']
2025-03-26 21:02:38 - INFO - 
 Intento #30
2025-03-26 21:03:00 - INFO -  Fallo al ir a Paso 1: Message: 
Stacktrace:
	GetHandleVerifier [0x010EC7F3+24435]
	(No symbol) [0x01072074]
	(No symbol) [0x00F406E3]
	(No symbol) [0x00F88B39]
	(No symbol) [0x00F88E8B]
	(No symbol) [0x00FD1AC2]
	(No symbol) [0x00FAD804]
	(No symbol) [0x00FCF20A]
	(No symbol) [0x00FAD5B6]
	(No symbol) [0x00F7C54F]
	(No symbol) [0x00F7D894]
	GetHandleVerifier [0x013F70A3+3213347]
	GetHandleVerifier [0x0140B0C9+3295305]
	GetHandleVerifier [0x0140558C+3271948]
	GetHandleVerifier [0x01187360+658144]
	(No symbol) [0x0107B27D]
	(No symbol) [0x01078208]
	(No symbol) [0x010783A9]
	(No symbol) [0x0106AAC0]
	BaseThreadInitThunk [0x76335D49+25]
	RtlInitializeExceptionChain [0x7797CE3B+107]
	RtlGetAppContainerNamedObjectPath [0x7797CDC1+561]

2025-03-26 21:03:00 - INFO - 
 Intento #31
2025-03-26 21:03:22 - INFO -  Fallo al ir a Paso 1: Message: 
Stacktrace:
	GetHandleVerifier [0x010EC7F3+24435]
	(No symbol) [0x01072074]
	(No symbol) [0x00F406E3]
	(No symbol) [0x00F88B39]
	(No symbol) [0x00F88E8B]
	(No symbol) [0x00FD1AC2]
	(No symbol) [0x00FAD804]
	(No symbol) [0x00FCF20A]
	(No symbol) [0x00FAD5B6]
	(No symbol) [0x00F7C54F]
	(No symbol) [0x00F7D894]
	GetHandleVerifier [0x013F70A3+3213347]
	GetHandleVerifier [0x0140B0C9+3295305]
	GetHandleVerifier [0x0140558C+3271948]
	GetHandleVerifier [0x01187360+658144]
	(No symbol) [0x0107B27D]
	(No symbol) [0x01078208]
	(No symbol) [0x010783A9]
	(No symbol) [0x0106AAC0]
	BaseThreadInitThunk [0x76335D49+25]
	RtlInitializeExceptionChain [0x7797CE3B+107]
	RtlGetAppContainerNamedObjectPath [0x7797CDC1+561]

2025-03-26 21:03:22 - INFO -  Reiniciando navegador por múltiples fallos...
2025-03-26 21:03:48 - INFO - 
 Intento #32
2025-03-26 21:04:03 - INFO - Días tachados actuales: ['March-26', 'March-27', 'March-28', 'March-29', 'March-30', 'March-31', 'April-1', 'April-2', 'April-3', 'April-4', 'April-5', 'April-6', 'April-7', 'April-8', 'April-9', 'April-10', 'April-11', 'April-12', 'April-13', 'April-14', 'April-15', 'April-16', 'April-17', 'April-18', 'April-19', 'April-20', 'April-21', 'April-22', 'April-23', 'April-24', 'April-25', 'April-26', 'April-27', 'April-28', 'April-29', 'April-30']
2025-03-26 21:04:55 - INFO - 
 Intento #33
2025-03-26 21:05:11 - INFO - Días tachados actuales: ['March-26', 'March-27', 'March-28', 'March-29', 'March-30', 'March-31', 'April-1', 'April-2', 'April-3', 'April-4', 'April-5', 'April-6', 'April-7', 'April-8', 'April-9', 'April-10', 'April-11', 'April-12', 'April-13', 'April-14', 'April-15', 'April-16', 'April-17', 'April-18', 'April-19', 'April-20', 'April-21', 'April-22', 'April-23', 'April-24', 'April-25', 'April-26', 'April-27', 'April-28', 'April-29', 'April-30']
2025-03-26 21:06:09 - INFO - 
 Intento #34
2025-03-26 21:06:24 - INFO - Días tachados actuales: ['March-26', 'March-27', 'March-28', 'March-29', 'March-30', 'March-31', 'April-1', 'April-2', 'April-3', 'April-4', 'April-5', 'April-6', 'April-7', 'April-8', 'April-9', 'April-10', 'April-11', 'April-12', 'April-13', 'April-14', 'April-15', 'April-16', 'April-17', 'April-18', 'April-19', 'April-20', 'April-21', 'April-22', 'April-23', 'April-24', 'April-25', 'April-26', 'April-27', 'April-28', 'April-29', 'April-30']
2025-03-26 21:07:22 - INFO - 
 Intento #35
2025-03-26 21:07:38 - INFO - Días tachados actuales: ['March-26', 'March-27', 'March-28', 'March-29', 'March-30', 'March-31', 'April-1', 'April-2', 'April-3', 'April-4', 'April-5', 'April-6', 'April-7', 'April-8', 'April-9', 'April-10', 'April-11', 'April-12', 'April-13', 'April-14', 'April-15', 'April-16', 'April-17', 'April-18', 'April-19', 'April-20', 'April-21', 'April-22', 'April-23', 'April-24', 'April-25', 'April-26', 'April-27', 'April-28', 'April-29', 'April-30']
2025-03-26 21:08:34 - INFO - 
 Intento #36
2025-03-26 21:08:49 - INFO - Días tachados actuales: ['March-26', 'March-27', 'March-28', 'March-29', 'March-30', 'March-31', 'April-1', 'April-2', 'April-3', 'April-4', 'April-5', 'April-6', 'April-7', 'April-8', 'April-9', 'April-10', 'April-11', 'April-12', 'April-13', 'April-14', 'April-15', 'April-16', 'April-17', 'April-18', 'April-19', 'April-20', 'April-21', 'April-22', 'April-23', 'April-24', 'April-25', 'April-26', 'April-27', 'April-28', 'April-29', 'April-30']
2025-03-26 21:09:46 - INFO - 
 Intento #37
2025-03-26 21:10:01 - INFO - Días tachados actuales: ['March-26', 'March-27', 'March-28', 'March-29', 'March-31', 'April-1', 'April-2', 'April-3', 'April-4', 'April-5', 'April-6', 'April-7', 'April-8', 'April-9', 'April-10', 'April-11', 'April-12', 'April-13', 'April-14', 'April-15', 'April-16', 'April-17', 'April-18', 'April-19', 'April-20', 'April-21', 'April-22', 'April-23', 'April-24', 'April-25', 'April-26', 'April-27', 'April-28', 'April-29', 'April-30']
2025-03-26 21:10:39 - INFO - 
 Intento #38
2025-03-26 21:10:55 - INFO - Días tachados actuales: ['March-26', 'March-27', 'March-28', 'March-29', 'March-30', 'March-31', 'April-1', 'April-2', 'April-3', 'April-4', 'April-5', 'April-6', 'April-7', 'April-8', 'April-9', 'April-10', 'April-11', 'April-12', 'April-13', 'April-14', 'April-15', 'April-16', 'April-17', 'April-18', 'April-19', 'April-20', 'April-21', 'April-22', 'April-23', 'April-24', 'April-25', 'April-26', 'April-27', 'April-28', 'April-29', 'April-30']
2025-03-26 21:11:33 - INFO - 
 Intento #39
